<?xml version="1.0" encoding="UTF-8"?>
<!-- Generated by org.testng.reporters.JUnitReportReporter -->
<testsuite hostname="LT22108651" failures="0" tests="4" name="tests.LoginTestFailed" time="2.178" errors="0" timestamp="2024-06-13T23:35:04 IDT" skipped="0">
  <testcase classname="tests.LoginTestFailed" name="tc02_Login_Failed" time="0.433"/>
  <system-out/>
  <testcase classname="tests.LoginTestFailed" name="tc01_Login_Failed" time="1.052"/>
  <system-out/>
  <testcase classname="tests.LoginTestFailed" name="tc02_Login_Failed" time="0.365"/>
  <system-out/>
  <testcase classname="tests.LoginTestFailed" name="tc02_Login_Failed" time="0.328"/>
  <system-out/>
</testsuite> <!-- tests.LoginTestFailed -->
