<?xml version="1.0" encoding="UTF-8"?>
<!-- Generated by org.testng.reporters.JUnitReportReporter -->
<testsuite hostname="LT22108651" failures="0" tests="1" name="tests.BuyProductE2ETest" time="3.230" errors="0" timestamp="2024-06-12T19:56:07 IDT" skipped="0">
  <testcase classname="tests.BuyProductE2ETest" name="tc01_BuyProduct" time="3.230"/>
  <system-out/>
</testsuite> <!-- tests.BuyProductE2ETest -->
