<?xml version="1.0" encoding="UTF-8"?>
<!-- Generated by org.testng.reporters.JUnitReportReporter -->
<testsuite hostname="LT22108651" failures="0" tests="1" name="tests.SimpleTest" time="15.421" errors="0" timestamp="2024-06-11T15:16:03 IDT" skipped="0">
  <testcase classname="tests.SimpleTest" name="tc01_simpleTest" time="15.421"/>
  <system-out/>
</testsuite> <!-- tests.SimpleTest -->
