<?xml version="1.0" encoding="UTF-8"?>
<!-- Generated by org.testng.reporters.JUnitReportReporter -->
<testsuite hostname="LT22108651" failures="0" tests="1" name="tests.LoginTestFailedDDT" time="0.000" errors="0" timestamp="2024-06-13T23:36:24 IDT" skipped="1">
  <testcase classname="tests.LoginTestFailedDDT" name="tc02_Login_Failed" time="0.000">
    <skipped/>
  </testcase> <!-- tc02_Login_Failed -->
  <system-out/>
</testsuite> <!-- tests.LoginTestFailedDDT -->
